2022-12-10 10:21:19,984 INFO  [main] ECommerceSideprojectApplication: Starting ECommerceSideprojectApplication using Java 11.0.12 on BillHUdeMacBook-Air.local with PID 76111 (/Users/bill/Intellj-workspace/E-commerce-sideproject/target/classes started by bill in /Users/bill/Intellj-workspace/E-commerce-sideproject)
2022-12-10 10:21:19,984 INFO  [background-preinit] Version: HV000001: Hibernate Validator 6.2.5.Final
2022-12-10 10:21:19,985 INFO  [main] ECommerceSideprojectApplication: The following 1 profile is active: "windows"
2022-12-10 10:21:20,567 INFO  [main] TomcatWebServer: Tomcat initialized with port(s): 9400 (http)
2022-12-10 10:21:20,571 INFO  [main] Http11NioProtocol: Initializing ProtocolHandler ["http-nio-9400"]
2022-12-10 10:21:20,571 INFO  [main] StandardService: Starting service [Tomcat]
2022-12-10 10:21:20,571 INFO  [main] StandardEngine: Starting Servlet engine: [Apache Tomcat/9.0.68]
2022-12-10 10:21:20,623 INFO  [main] [/]: Initializing Spring embedded WebApplicationContext
2022-12-10 10:21:20,623 INFO  [main] ServletWebServerApplicationContext: Root WebApplicationContext: initialization completed in 623 ms
2022-12-10 10:21:20,660 INFO  [main] HikariDataSource: HikariPool-1 - Starting...
2022-12-10 10:21:23,791 INFO  [main] HikariDataSource: HikariPool-1 - Start completed.
2022-12-10 10:21:23,968 INFO  [main] DefaultSecurityFilterChain: Will secure any request with [org.springframework.security.web.session.DisableEncodeUrlFilter@66d2885c, org.springframework.security.web.context.request.async.WebAsyncManagerIntegrationFilter@2bfc8558, org.springframework.security.web.context.SecurityContextPersistenceFilter@5f5c187d, org.springframework.security.web.header.HeaderWriterFilter@25109608, org.springframework.security.web.authentication.logout.LogoutFilter@3e39e0fb, com.billhu.ecommercesideproject.filters.JWTAuthenticationFilter@44ccd75c, org.springframework.security.web.savedrequest.RequestCacheAwareFilter@58182b96, org.springframework.security.web.servletapi.SecurityContextHolderAwareRequestFilter@37d6dddc, org.springframework.security.web.authentication.AnonymousAuthenticationFilter@6029f2a4, org.springframework.security.web.session.SessionManagementFilter@38d42ab7, org.springframework.security.web.access.ExceptionTranslationFilter@8851ec, org.springframework.security.web.access.intercept.FilterSecurityInterceptor@a95cb11]
2022-12-10 10:21:24,357 INFO  [main] EndpointLinksResolver: Exposing 1 endpoint(s) beneath base path '/actuator'
2022-12-10 10:21:24,372 INFO  [main] Http11NioProtocol: Starting ProtocolHandler ["http-nio-9400"]
2022-12-10 10:21:24,385 INFO  [main] TomcatWebServer: Tomcat started on port(s): 9400 (http) with context path ''
2022-12-10 10:21:24,395 INFO  [main] ECommerceSideprojectApplication: Started ECommerceSideprojectApplication in 4.599 seconds (JVM running for 5.081)
2022-12-10 10:21:24,793 INFO  [RMI TCP Connection(1)-127.0.0.1] [/]: Initializing Spring DispatcherServlet 'dispatcherServlet'
2022-12-10 10:21:24,793 INFO  [RMI TCP Connection(1)-127.0.0.1] DispatcherServlet: Initializing Servlet 'dispatcherServlet'
2022-12-10 10:21:24,794 INFO  [RMI TCP Connection(1)-127.0.0.1] DispatcherServlet: Completed initialization in 1 ms
2022-12-10 10:22:07,266 INFO  [SpringApplicationShutdownHook] HikariDataSource: HikariPool-1 - Shutdown initiated...
2022-12-10 10:22:07,267 INFO  [SpringApplicationShutdownHook] HikariDataSource: HikariPool-1 - Shutdown completed.
